[19-Mar-2017 18:16:33 UTC] PHP Fatal error:  Class 'Illuminate\Foundation\Http\Middleware\VerifyCsrfToken' not found in /home/ubuntu/workspace/movieAPI/app/Http/Middleware/VerifyCsrfToken.php on line 8
[19-Mar-2017 18:16:33 UTC] PHP Stack trace:
[19-Mar-2017 18:16:33 UTC] PHP   1. {main}() /home/ubuntu/workspace/movieAPI/app/Http/Middleware/VerifyCsrfToken.php:0
[19-Mar-2017 18:16:39 UTC] PHP Fatal error:  Class 'Illuminate\Cookie\Middleware\EncryptCookies' not found in /home/ubuntu/workspace/movieAPI/app/Http/Middleware/EncryptCookies.php on line 8
[19-Mar-2017 18:16:39 UTC] PHP Stack trace:
[19-Mar-2017 18:16:39 UTC] PHP   1. {main}() /home/ubuntu/workspace/movieAPI/app/Http/Middleware/EncryptCookies.php:0
[19-Mar-2017 18:16:53 UTC] PHP Fatal error:  Class 'Illuminate\Routing\Controller' not found in /home/ubuntu/workspace/movieAPI/app/Http/Controllers/Controller.php on line 12
[19-Mar-2017 18:16:53 UTC] PHP Stack trace:
[19-Mar-2017 18:16:53 UTC] PHP   1. {main}() /home/ubuntu/workspace/movieAPI/app/Http/Controllers/Controller.php:0
[19-Mar-2017 18:19:16 UTC] PHP Fatal error:  Class 'Illuminate\Routing\Controller' not found in /home/ubuntu/workspace/movieAPI/app/Http/Controllers/GenreController.php on line 18
[19-Mar-2017 18:19:16 UTC] PHP Stack trace:
[19-Mar-2017 18:19:16 UTC] PHP   1. {main}() /home/ubuntu/workspace/movieAPI/app/Http/Controllers/GenreController.php:0
[19-Mar-2017 20:54:12 UTC] PHP Fatal error:  Class 'Illuminate\Routing\Controller' not found in /home/ubuntu/workspace/movieAPI/app/Http/Controllers/GenreController.php on line 18
[19-Mar-2017 20:54:12 UTC] PHP Stack trace:
[19-Mar-2017 20:54:12 UTC] PHP   1. {main}() /home/ubuntu/workspace/movieAPI/app/Http/Controllers/GenreController.php:0
[19-Mar-2017 20:55:16 UTC] PHP Fatal error:  Class 'Illuminate\Routing\Controller' not found in /home/ubuntu/workspace/movieAPI/app/Http/Controllers/Controller.php on line 12
[19-Mar-2017 20:55:16 UTC] PHP Stack trace:
[19-Mar-2017 20:55:16 UTC] PHP   1. {main}() /home/ubuntu/workspace/movieAPI/app/Http/Controllers/Controller.php:0
[19-Mar-2017 20:55:17 UTC] PHP Fatal error:  Class 'Illuminate\Routing\Controller' not found in /home/ubuntu/workspace/movieAPI/app/Http/Controllers/Controller.php on line 12
[19-Mar-2017 20:55:17 UTC] PHP Stack trace:
[19-Mar-2017 20:55:17 UTC] PHP   1. {main}() /home/ubuntu/workspace/movieAPI/app/Http/Controllers/Controller.php:0
[19-Mar-2017 20:57:23 UTC] PHP Fatal error:  Class 'Illuminate\Cookie\Middleware\EncryptCookies' not found in /home/ubuntu/workspace/movieAPI/app/Http/Middleware/EncryptCookies.php on line 8
[19-Mar-2017 20:57:23 UTC] PHP Stack trace:
[19-Mar-2017 20:57:23 UTC] PHP   1. {main}() /home/ubuntu/workspace/movieAPI/app/Http/Middleware/EncryptCookies.php:0
[19-Mar-2017 20:57:31 UTC] PHP Fatal error:  Class 'Illuminate\Foundation\Http\Middleware\VerifyCsrfToken' not found in /home/ubuntu/workspace/movieAPI/app/Http/Middleware/VerifyCsrfToken.php on line 8
[19-Mar-2017 20:57:31 UTC] PHP Stack trace:
[19-Mar-2017 20:57:31 UTC] PHP   1. {main}() /home/ubuntu/workspace/movieAPI/app/Http/Middleware/VerifyCsrfToken.php:0
[19-Mar-2017 22:13:59 UTC] PHP Fatal error:  Class 'Illuminate\Foundation\Http\FormRequest' not found in /home/ubuntu/workspace/movieAPI/app/Http/Requests/Request.php on line 8
[19-Mar-2017 22:13:59 UTC] PHP Stack trace:
[19-Mar-2017 22:13:59 UTC] PHP   1. {main}() /home/ubuntu/workspace/movieAPI/app/Http/Requests/Request.php:0
[29-Mar-2017 22:42:24 UTC] PHP Fatal error:  Class 'Illuminate\Foundation\Http\Middleware\VerifyCsrfToken' not found in /home/ubuntu/workspace/movieAPI/app/Http/Middleware/VerifyCsrfToken.php on line 8
[29-Mar-2017 22:42:24 UTC] PHP Stack trace:
[29-Mar-2017 22:42:24 UTC] PHP   1. {main}() /home/ubuntu/workspace/movieAPI/app/Http/Middleware/VerifyCsrfToken.php:0
[29-Mar-2017 23:43:16 UTC] PHP Fatal error:  Class 'Illuminate\Foundation\Http\FormRequest' not found in /home/ubuntu/workspace/movieAPI/app/Http/Requests/Request.php on line 8
[29-Mar-2017 23:43:16 UTC] PHP Stack trace:
[29-Mar-2017 23:43:16 UTC] PHP   1. {main}() /home/ubuntu/workspace/movieAPI/app/Http/Requests/Request.php:0
[30-Mar-2017 09:37:20 UTC] PHP Fatal error:  Class 'Illuminate\Routing\Controller' not found in /home/ubuntu/workspace/movieAPI/app/Http/Controllers/GenreController.php on line 18
[30-Mar-2017 09:37:20 UTC] PHP Stack trace:
[30-Mar-2017 09:37:20 UTC] PHP   1. {main}() /home/ubuntu/workspace/movieAPI/app/Http/Controllers/GenreController.php:0
[30-Mar-2017 12:56:08 UTC] PHP Fatal error:  Class 'Illuminate\Routing\Controller' not found in /home/ubuntu/workspace/movieAPI/app/Http/Controllers/Controller.php on line 12
[30-Mar-2017 12:56:08 UTC] PHP Stack trace:
[30-Mar-2017 12:56:08 UTC] PHP   1. {main}() /home/ubuntu/workspace/movieAPI/app/Http/Controllers/Controller.php:0
[30-Mar-2017 13:45:39 UTC] PHP Fatal error:  Class 'Illuminate\Routing\Controller' not found in /home/ubuntu/workspace/movieAPI/app/Http/Controllers/GenreController.php on line 18
[30-Mar-2017 13:45:39 UTC] PHP Stack trace:
[30-Mar-2017 13:45:39 UTC] PHP   1. {main}() /home/ubuntu/workspace/movieAPI/app/Http/Controllers/GenreController.php:0
[31-Mar-2017 20:59:50 UTC] PHP Fatal error:  Class 'Illuminate\Foundation\Http\Middleware\VerifyCsrfToken' not found in /home/ubuntu/workspace/movieAPI/app/Http/Middleware/VerifyCsrfToken.php on line 8
[31-Mar-2017 20:59:50 UTC] PHP Stack trace:
[31-Mar-2017 20:59:50 UTC] PHP   1. {main}() /home/ubuntu/workspace/movieAPI/app/Http/Middleware/VerifyCsrfToken.php:0
[01-Apr-2017 18:34:53 UTC] PHP Fatal error:  Class 'Illuminate\Cookie\Middleware\EncryptCookies' not found in /home/ubuntu/workspace/movieAPI/app/Http/Middleware/EncryptCookies.php on line 8
[01-Apr-2017 18:34:53 UTC] PHP Stack trace:
[01-Apr-2017 18:34:53 UTC] PHP   1. {main}() /home/ubuntu/workspace/movieAPI/app/Http/Middleware/EncryptCookies.php:0
[01-Apr-2017 18:34:55 UTC] PHP Fatal error:  Class 'Illuminate\Cookie\Middleware\EncryptCookies' not found in /home/ubuntu/workspace/movieAPI/app/Http/Middleware/EncryptCookies.php on line 8
[01-Apr-2017 18:34:55 UTC] PHP Stack trace:
[01-Apr-2017 18:34:55 UTC] PHP   1. {main}() /home/ubuntu/workspace/movieAPI/app/Http/Middleware/EncryptCookies.php:0
[01-Apr-2017 21:06:48 UTC] PHP Fatal error:  Class 'Illuminate\Routing\Controller' not found in /home/ubuntu/workspace/movieAPI/app/Http/Controllers/Controller.php on line 12
[01-Apr-2017 21:06:48 UTC] PHP Stack trace:
[01-Apr-2017 21:06:48 UTC] PHP   1. {main}() /home/ubuntu/workspace/movieAPI/app/Http/Controllers/Controller.php:0
[02-Apr-2017 05:14:49 UTC] PHP Fatal error:  Class 'Illuminate\Foundation\Http\Middleware\VerifyCsrfToken' not found in /home/ubuntu/workspace/movieAPI/app/Http/Middleware/VerifyCsrfToken.php on line 8
[02-Apr-2017 05:14:49 UTC] PHP Stack trace:
[02-Apr-2017 05:14:49 UTC] PHP   1. {main}() /home/ubuntu/workspace/movieAPI/app/Http/Middleware/VerifyCsrfToken.php:0
[03-Apr-2017 08:29:17 UTC] PHP Fatal error:  Class 'Illuminate\Foundation\Http\Middleware\VerifyCsrfToken' not found in /home/ubuntu/workspace/movieAPI/app/Http/Middleware/VerifyCsrfToken.php on line 8
[03-Apr-2017 08:29:17 UTC] PHP Stack trace:
[03-Apr-2017 08:29:17 UTC] PHP   1. {main}() /home/ubuntu/workspace/movieAPI/app/Http/Middleware/VerifyCsrfToken.php:0
[03-Apr-2017 13:11:25 UTC] PHP Fatal error:  Class 'Illuminate\Cookie\Middleware\EncryptCookies' not found in /home/ubuntu/workspace/movieAPI/app/Http/Middleware/EncryptCookies.php on line 8
[03-Apr-2017 13:11:25 UTC] PHP Stack trace:
[03-Apr-2017 13:11:25 UTC] PHP   1. {main}() /home/ubuntu/workspace/movieAPI/app/Http/Middleware/EncryptCookies.php:0
[03-Apr-2017 17:19:46 UTC] PHP Fatal error:  Class 'Illuminate\Routing\Controller' not found in /home/ubuntu/workspace/movieAPI/app/Http/Controllers/Controller.php on line 12
[03-Apr-2017 17:19:46 UTC] PHP Stack trace:
[03-Apr-2017 17:19:46 UTC] PHP   1. {main}() /home/ubuntu/workspace/movieAPI/app/Http/Controllers/Controller.php:0
[04-Apr-2017 07:26:03 UTC] PHP Fatal error:  Class 'Illuminate\Foundation\Http\FormRequest' not found in /home/ubuntu/workspace/movieAPI/app/Http/Requests/Request.php on line 8
[04-Apr-2017 07:26:03 UTC] PHP Stack trace:
[04-Apr-2017 07:26:03 UTC] PHP   1. {main}() /home/ubuntu/workspace/movieAPI/app/Http/Requests/Request.php:0
[06-Apr-2017 22:08:06 UTC] PHP Fatal error:  Class 'Illuminate\Cookie\Middleware\EncryptCookies' not found in /home/ubuntu/workspace/movieAPI/app/Http/Middleware/EncryptCookies.php on line 8
[06-Apr-2017 22:08:06 UTC] PHP Stack trace:
[06-Apr-2017 22:08:06 UTC] PHP   1. {main}() /home/ubuntu/workspace/movieAPI/app/Http/Middleware/EncryptCookies.php:0
[06-Apr-2017 22:48:39 UTC] PHP Fatal error:  Class 'Illuminate\Cookie\Middleware\EncryptCookies' not found in /home/ubuntu/workspace/movieAPI/app/Http/Middleware/EncryptCookies.php on line 8
[06-Apr-2017 22:48:39 UTC] PHP Stack trace:
[06-Apr-2017 22:48:39 UTC] PHP   1. {main}() /home/ubuntu/workspace/movieAPI/app/Http/Middleware/EncryptCookies.php:0
[08-Apr-2017 05:14:09 UTC] PHP Fatal error:  Class 'Illuminate\Foundation\Http\FormRequest' not found in /home/ubuntu/workspace/movieAPI/app/Http/Requests/Request.php on line 8
[08-Apr-2017 05:14:09 UTC] PHP Stack trace:
[08-Apr-2017 05:14:09 UTC] PHP   1. {main}() /home/ubuntu/workspace/movieAPI/app/Http/Requests/Request.php:0
[08-Apr-2017 05:14:50 UTC] PHP Fatal error:  Class 'Illuminate\Routing\Controller' not found in /home/ubuntu/workspace/movieAPI/app/Http/Controllers/Controller.php on line 12
[08-Apr-2017 05:14:50 UTC] PHP Stack trace:
[08-Apr-2017 05:14:50 UTC] PHP   1. {main}() /home/ubuntu/workspace/movieAPI/app/Http/Controllers/Controller.php:0
[09-Apr-2017 00:01:58 UTC] PHP Fatal error:  Class 'Illuminate\Foundation\Http\Middleware\VerifyCsrfToken' not found in /home/ubuntu/workspace/movieAPI/app/Http/Middleware/VerifyCsrfToken.php on line 8
[09-Apr-2017 00:01:58 UTC] PHP Stack trace:
[09-Apr-2017 00:01:58 UTC] PHP   1. {main}() /home/ubuntu/workspace/movieAPI/app/Http/Middleware/VerifyCsrfToken.php:0
[09-Apr-2017 00:06:49 UTC] PHP Fatal error:  Class 'Illuminate\Routing\Controller' not found in /home/ubuntu/workspace/movieAPI/app/Http/Controllers/GenreController.php on line 18
[09-Apr-2017 00:06:49 UTC] PHP Stack trace:
[09-Apr-2017 00:06:49 UTC] PHP   1. {main}() /home/ubuntu/workspace/movieAPI/app/Http/Controllers/GenreController.php:0
[13-Apr-2017 07:10:13 UTC] PHP Fatal error:  Class 'Illuminate\Routing\Controller' not found in /home/ubuntu/workspace/movieAPI/app/Http/Controllers/Controller.php on line 12
[13-Apr-2017 07:10:13 UTC] PHP Stack trace:
[13-Apr-2017 07:10:13 UTC] PHP   1. {main}() /home/ubuntu/workspace/movieAPI/app/Http/Controllers/Controller.php:0
[24-Sep-2017 17:32:05 UTC] PHP Fatal error:  Class 'Illuminate\Routing\Controller' not found in /home/ubuntu/workspace/movieAPI/app/Http/Controllers/Controller.php on line 12
[24-Sep-2017 17:32:05 UTC] PHP Stack trace:
[24-Sep-2017 17:32:05 UTC] PHP   1. {main}() /home/ubuntu/workspace/movieAPI/app/Http/Controllers/Controller.php:0
[25-Sep-2017 00:25:30 UTC] PHP Fatal error:  Class 'Illuminate\Routing\Controller' not found in /home/ubuntu/workspace/movieAPI/app/Http/Controllers/GenreController.php on line 18
[25-Sep-2017 00:25:30 UTC] PHP Stack trace:
[25-Sep-2017 00:25:30 UTC] PHP   1. {main}() /home/ubuntu/workspace/movieAPI/app/Http/Controllers/GenreController.php:0
[25-Sep-2017 02:40:17 UTC] PHP Fatal error:  Class 'Illuminate\Cookie\Middleware\EncryptCookies' not found in /home/ubuntu/workspace/movieAPI/app/Http/Middleware/EncryptCookies.php on line 8
[25-Sep-2017 02:40:17 UTC] PHP Stack trace:
[25-Sep-2017 02:40:17 UTC] PHP   1. {main}() /home/ubuntu/workspace/movieAPI/app/Http/Middleware/EncryptCookies.php:0
[26-Sep-2017 15:40:35 UTC] PHP Fatal error:  Class 'Illuminate\Cookie\Middleware\EncryptCookies' not found in /home/ubuntu/workspace/movieAPI/app/Http/Middleware/EncryptCookies.php on line 8
[26-Sep-2017 15:40:35 UTC] PHP Stack trace:
[26-Sep-2017 15:40:35 UTC] PHP   1. {main}() /home/ubuntu/workspace/movieAPI/app/Http/Middleware/EncryptCookies.php:0
[08-Nov-2017 18:19:24 UTC] PHP Fatal error:  Class 'Illuminate\Routing\Controller' not found in /home/ubuntu/workspace/movieAPI/app/Http/Controllers/Controller.php on line 12
[08-Nov-2017 18:19:24 UTC] PHP Stack trace:
[08-Nov-2017 18:19:24 UTC] PHP   1. {main}() /home/ubuntu/workspace/movieAPI/app/Http/Controllers/Controller.php:0
