[29-Mar-2017 21:38:42 UTC] PHP Fatal error:  Class 'Illuminate\Foundation\Support\Providers\EventServiceProvider' not found in /home/ubuntu/workspace/movieAPI/app/Providers/EventServiceProvider.php on line 9
[29-Mar-2017 21:38:42 UTC] PHP Stack trace:
[29-Mar-2017 21:38:42 UTC] PHP   1. {main}() /home/ubuntu/workspace/movieAPI/app/Providers/EventServiceProvider.php:0
[30-Mar-2017 04:51:07 UTC] PHP Fatal error:  Class 'Illuminate\Support\ServiceProvider' not found in /home/ubuntu/workspace/movieAPI/app/Providers/AppServiceProvider.php on line 8
[30-Mar-2017 04:51:07 UTC] PHP Stack trace:
[30-Mar-2017 04:51:07 UTC] PHP   1. {main}() /home/ubuntu/workspace/movieAPI/app/Providers/AppServiceProvider.php:0
[30-Mar-2017 04:51:09 UTC] PHP Fatal error:  Class 'Illuminate\Support\ServiceProvider' not found in /home/ubuntu/workspace/movieAPI/app/Providers/AppServiceProvider.php on line 8
[30-Mar-2017 04:51:09 UTC] PHP Stack trace:
[30-Mar-2017 04:51:09 UTC] PHP   1. {main}() /home/ubuntu/workspace/movieAPI/app/Providers/AppServiceProvider.php:0
[01-Apr-2017 18:20:45 UTC] PHP Fatal error:  Class 'Illuminate\Support\ServiceProvider' not found in /home/ubuntu/workspace/movieAPI/app/Providers/AppServiceProvider.php on line 8
[01-Apr-2017 18:20:45 UTC] PHP Stack trace:
[01-Apr-2017 18:20:45 UTC] PHP   1. {main}() /home/ubuntu/workspace/movieAPI/app/Providers/AppServiceProvider.php:0
[01-Apr-2017 21:11:06 UTC] PHP Fatal error:  Class 'Illuminate\Foundation\Support\Providers\RouteServiceProvider' not found in /home/ubuntu/workspace/movieAPI/app/Providers/RouteServiceProvider.php on line 9
[01-Apr-2017 21:11:06 UTC] PHP Stack trace:
[01-Apr-2017 21:11:06 UTC] PHP   1. {main}() /home/ubuntu/workspace/movieAPI/app/Providers/RouteServiceProvider.php:0
[03-Apr-2017 09:33:32 UTC] PHP Fatal error:  Class 'Illuminate\Foundation\Support\Providers\RouteServiceProvider' not found in /home/ubuntu/workspace/movieAPI/app/Providers/RouteServiceProvider.php on line 9
[03-Apr-2017 09:33:32 UTC] PHP Stack trace:
[03-Apr-2017 09:33:32 UTC] PHP   1. {main}() /home/ubuntu/workspace/movieAPI/app/Providers/RouteServiceProvider.php:0
[03-Apr-2017 13:47:09 UTC] PHP Fatal error:  Class 'Illuminate\Foundation\Support\Providers\RouteServiceProvider' not found in /home/ubuntu/workspace/movieAPI/app/Providers/RouteServiceProvider.php on line 9
[03-Apr-2017 13:47:09 UTC] PHP Stack trace:
[03-Apr-2017 13:47:09 UTC] PHP   1. {main}() /home/ubuntu/workspace/movieAPI/app/Providers/RouteServiceProvider.php:0
[03-Apr-2017 21:07:09 UTC] PHP Fatal error:  Class 'Illuminate\Foundation\Support\Providers\EventServiceProvider' not found in /home/ubuntu/workspace/movieAPI/app/Providers/EventServiceProvider.php on line 9
[03-Apr-2017 21:07:09 UTC] PHP Stack trace:
[03-Apr-2017 21:07:09 UTC] PHP   1. {main}() /home/ubuntu/workspace/movieAPI/app/Providers/EventServiceProvider.php:0
[04-Apr-2017 14:14:21 UTC] PHP Fatal error:  Class 'Illuminate\Support\ServiceProvider' not found in /home/ubuntu/workspace/movieAPI/app/Providers/AppServiceProvider.php on line 8
[04-Apr-2017 14:14:21 UTC] PHP Stack trace:
[04-Apr-2017 14:14:21 UTC] PHP   1. {main}() /home/ubuntu/workspace/movieAPI/app/Providers/AppServiceProvider.php:0
[08-Apr-2017 05:12:11 UTC] PHP Fatal error:  Class 'Illuminate\Foundation\Support\Providers\EventServiceProvider' not found in /home/ubuntu/workspace/movieAPI/app/Providers/EventServiceProvider.php on line 9
[08-Apr-2017 05:12:11 UTC] PHP Stack trace:
[08-Apr-2017 05:12:11 UTC] PHP   1. {main}() /home/ubuntu/workspace/movieAPI/app/Providers/EventServiceProvider.php:0
[08-Apr-2017 05:13:00 UTC] PHP Fatal error:  Class 'Illuminate\Foundation\Support\Providers\RouteServiceProvider' not found in /home/ubuntu/workspace/movieAPI/app/Providers/RouteServiceProvider.php on line 9
[08-Apr-2017 05:13:00 UTC] PHP Stack trace:
[08-Apr-2017 05:13:00 UTC] PHP   1. {main}() /home/ubuntu/workspace/movieAPI/app/Providers/RouteServiceProvider.php:0
[08-Apr-2017 22:13:14 UTC] PHP Fatal error:  Class 'Illuminate\Support\ServiceProvider' not found in /home/ubuntu/workspace/movieAPI/app/Providers/AppServiceProvider.php on line 8
[08-Apr-2017 22:13:14 UTC] PHP Stack trace:
[08-Apr-2017 22:13:14 UTC] PHP   1. {main}() /home/ubuntu/workspace/movieAPI/app/Providers/AppServiceProvider.php:0
[11-Apr-2017 07:47:42 UTC] PHP Fatal error:  Class 'Illuminate\Foundation\Console\Kernel' not found in /home/ubuntu/workspace/movieAPI/app/Console/Kernel.php on line 9
[11-Apr-2017 07:47:42 UTC] PHP Stack trace:
[11-Apr-2017 07:47:42 UTC] PHP   1. {main}() /home/ubuntu/workspace/movieAPI/app/Console/Kernel.php:0
[11-Apr-2017 07:47:50 UTC] PHP Fatal error:  Trait 'Illuminate\Bus\Queueable' not found in /home/ubuntu/workspace/movieAPI/app/Jobs/Job.php on line 20
[11-Apr-2017 07:47:50 UTC] PHP Stack trace:
[11-Apr-2017 07:47:50 UTC] PHP   1. {main}() /home/ubuntu/workspace/movieAPI/app/Jobs/Job.php:0
[11-Apr-2017 07:48:06 UTC] PHP Fatal error:  Class 'Illuminate\Foundation\Http\Kernel' not found in /home/ubuntu/workspace/movieAPI/app/Http/Kernel.php on line 8
[11-Apr-2017 07:48:06 UTC] PHP Stack trace:
[11-Apr-2017 07:48:06 UTC] PHP   1. {main}() /home/ubuntu/workspace/movieAPI/app/Http/Kernel.php:0
[11-Apr-2017 07:48:08 UTC] PHP Fatal error:  Class 'Illuminate\Foundation\Http\Kernel' not found in /home/ubuntu/workspace/movieAPI/app/Http/Kernel.php on line 8
[11-Apr-2017 07:48:08 UTC] PHP Stack trace:
[11-Apr-2017 07:48:08 UTC] PHP   1. {main}() /home/ubuntu/workspace/movieAPI/app/Http/Kernel.php:0
[11-Apr-2017 08:14:59 UTC] PHP Fatal error:  Class 'Illuminate\Foundation\Exceptions\Handler' not found in /home/ubuntu/workspace/movieAPI/app/Exceptions/Handler.php on line 13
[11-Apr-2017 08:14:59 UTC] PHP Stack trace:
[11-Apr-2017 08:14:59 UTC] PHP   1. {main}() /home/ubuntu/workspace/movieAPI/app/Exceptions/Handler.php:0
[13-Apr-2017 08:28:06 UTC] PHP Fatal error:  Class 'Route' not found in /home/ubuntu/workspace/movieAPI/app/Http/routes.php on line 14
[13-Apr-2017 08:28:06 UTC] PHP Stack trace:
[13-Apr-2017 08:28:06 UTC] PHP   1. {main}() /home/ubuntu/workspace/movieAPI/app/Http/routes.php:0
[13-Apr-2017 08:28:08 UTC] PHP Fatal error:  Class 'Route' not found in /home/ubuntu/workspace/movieAPI/app/Http/routes.php on line 14
[13-Apr-2017 08:28:08 UTC] PHP Stack trace:
[13-Apr-2017 08:28:08 UTC] PHP   1. {main}() /home/ubuntu/workspace/movieAPI/app/Http/routes.php:0
[24-Sep-2017 11:05:21 UTC] PHP Fatal error:  Class 'Illuminate\Foundation\Console\Kernel' not found in /home/ubuntu/workspace/movieAPI/app/Console/Kernel.php on line 9
[24-Sep-2017 11:05:21 UTC] PHP Stack trace:
[24-Sep-2017 11:05:21 UTC] PHP   1. {main}() /home/ubuntu/workspace/movieAPI/app/Console/Kernel.php:0
[24-Sep-2017 17:00:12 UTC] PHP Fatal error:  Class 'Route' not found in /home/ubuntu/workspace/movieAPI/app/Http/routes.php on line 14
[24-Sep-2017 17:00:12 UTC] PHP Stack trace:
[24-Sep-2017 17:00:12 UTC] PHP   1. {main}() /home/ubuntu/workspace/movieAPI/app/Http/routes.php:0
[24-Sep-2017 19:48:17 UTC] PHP Fatal error:  Class 'Illuminate\Foundation\Http\Kernel' not found in /home/ubuntu/workspace/movieAPI/app/Http/Kernel.php on line 8
[24-Sep-2017 19:48:17 UTC] PHP Stack trace:
[24-Sep-2017 19:48:17 UTC] PHP   1. {main}() /home/ubuntu/workspace/movieAPI/app/Http/Kernel.php:0
[24-Sep-2017 20:16:07 UTC] PHP Fatal error:  Trait 'Illuminate\Bus\Queueable' not found in /home/ubuntu/workspace/movieAPI/app/Jobs/Job.php on line 20
[24-Sep-2017 20:16:07 UTC] PHP Stack trace:
[24-Sep-2017 20:16:07 UTC] PHP   1. {main}() /home/ubuntu/workspace/movieAPI/app/Jobs/Job.php:0
[24-Sep-2017 20:23:35 UTC] PHP Fatal error:  Class 'Illuminate\Foundation\Exceptions\Handler' not found in /home/ubuntu/workspace/movieAPI/app/Exceptions/Handler.php on line 13
[24-Sep-2017 20:23:35 UTC] PHP Stack trace:
[24-Sep-2017 20:23:35 UTC] PHP   1. {main}() /home/ubuntu/workspace/movieAPI/app/Exceptions/Handler.php:0
