[19-Mar-2017 09:14:24 UTC] PHP Fatal error:  Class 'Illuminate\Database\Migrations\Migration' not found in /home/ubuntu/workspace/movieAPI/database/migrations/2017_02_27_095252_create_actors_movies_pivot_table.php on line 7
[19-Mar-2017 09:14:24 UTC] PHP Stack trace:
[19-Mar-2017 09:14:24 UTC] PHP   1. {main}() /home/ubuntu/workspace/movieAPI/database/migrations/2017_02_27_095252_create_actors_movies_pivot_table.php:0
[19-Mar-2017 09:14:36 UTC] PHP Fatal error:  Class 'Illuminate\Database\Migrations\Migration' not found in /home/ubuntu/workspace/movieAPI/database/migrations/2017_02_27_090031_create_movies_table.php on line 7
[19-Mar-2017 09:14:36 UTC] PHP Stack trace:
[19-Mar-2017 09:14:36 UTC] PHP   1. {main}() /home/ubuntu/workspace/movieAPI/database/migrations/2017_02_27_090031_create_movies_table.php:0
[19-Mar-2017 09:15:08 UTC] PHP Fatal error:  Class 'Illuminate\Database\Migrations\Migration' not found in /home/ubuntu/workspace/movieAPI/database/migrations/2014_10_12_100000_create_password_resets_table.php on line 7
[19-Mar-2017 09:15:08 UTC] PHP Stack trace:
[19-Mar-2017 09:15:08 UTC] PHP   1. {main}() /home/ubuntu/workspace/movieAPI/database/migrations/2014_10_12_100000_create_password_resets_table.php:0
[19-Mar-2017 09:15:22 UTC] PHP Fatal error:  Class 'Illuminate\Database\Migrations\Migration' not found in /home/ubuntu/workspace/movieAPI/database/migrations/2017_02_27_090803_create_genres_table.php on line 7
[19-Mar-2017 09:15:22 UTC] PHP Stack trace:
[19-Mar-2017 09:15:22 UTC] PHP   1. {main}() /home/ubuntu/workspace/movieAPI/database/migrations/2017_02_27_090803_create_genres_table.php:0
[19-Mar-2017 09:15:29 UTC] PHP Fatal error:  Class 'Illuminate\Database\Migrations\Migration' not found in /home/ubuntu/workspace/movieAPI/database/migrations/2014_10_12_000000_create_users_table.php on line 7
[19-Mar-2017 09:15:29 UTC] PHP Stack trace:
[19-Mar-2017 09:15:29 UTC] PHP   1. {main}() /home/ubuntu/workspace/movieAPI/database/migrations/2014_10_12_000000_create_users_table.php:0
[19-Mar-2017 09:16:22 UTC] PHP Fatal error:  Call to a member function define() on a non-object in /home/ubuntu/workspace/movieAPI/database/factories/ModelFactory.php on line 14
[19-Mar-2017 09:16:22 UTC] PHP Stack trace:
[19-Mar-2017 09:16:22 UTC] PHP   1. {main}() /home/ubuntu/workspace/movieAPI/database/factories/ModelFactory.php:0
[19-Mar-2017 12:44:00 UTC] PHP Fatal error:  Class 'Illuminate\Database\Seeder' not found in /home/ubuntu/workspace/movieAPI/database/seeds/DatabaseSeeder.php on line 10
[19-Mar-2017 12:44:00 UTC] PHP Stack trace:
[19-Mar-2017 12:44:00 UTC] PHP   1. {main}() /home/ubuntu/workspace/movieAPI/database/seeds/DatabaseSeeder.php:0
[19-Mar-2017 18:19:02 UTC] PHP Fatal error:  Class 'Illuminate\Database\Migrations\Migration' not found in /home/ubuntu/workspace/movieAPI/database/migrations/2017_02_27_090408_create_actors_table.php on line 7
[19-Mar-2017 18:19:02 UTC] PHP Stack trace:
[19-Mar-2017 18:19:02 UTC] PHP   1. {main}() /home/ubuntu/workspace/movieAPI/database/migrations/2017_02_27_090408_create_actors_table.php:0
[19-Mar-2017 20:54:09 UTC] PHP Fatal error:  Class 'Illuminate\Database\Migrations\Migration' not found in /home/ubuntu/workspace/movieAPI/database/migrations/2017_02_27_090408_create_actors_table.php on line 7
[19-Mar-2017 20:54:09 UTC] PHP Stack trace:
[19-Mar-2017 20:54:09 UTC] PHP   1. {main}() /home/ubuntu/workspace/movieAPI/database/migrations/2017_02_27_090408_create_actors_table.php:0
[30-Mar-2017 00:29:56 UTC] PHP Fatal error:  Class 'Illuminate\Database\Migrations\Migration' not found in /home/ubuntu/workspace/movieAPI/database/migrations/2017_02_27_090408_create_actors_table.php on line 7
[30-Mar-2017 00:29:56 UTC] PHP Stack trace:
[30-Mar-2017 00:29:56 UTC] PHP   1. {main}() /home/ubuntu/workspace/movieAPI/database/migrations/2017_02_27_090408_create_actors_table.php:0
[04-Apr-2017 07:05:22 UTC] PHP Fatal error:  Class 'Illuminate\Database\Migrations\Migration' not found in /home/ubuntu/workspace/movieAPI/database/migrations/2017_02_27_090408_create_actors_table.php on line 7
[04-Apr-2017 07:05:22 UTC] PHP Stack trace:
[04-Apr-2017 07:05:22 UTC] PHP   1. {main}() /home/ubuntu/workspace/movieAPI/database/migrations/2017_02_27_090408_create_actors_table.php:0
[06-Apr-2017 22:08:09 UTC] PHP Fatal error:  Class 'Illuminate\Database\Migrations\Migration' not found in /home/ubuntu/workspace/movieAPI/database/migrations/2017_02_27_090408_create_actors_table.php on line 7
[06-Apr-2017 22:08:09 UTC] PHP Stack trace:
[06-Apr-2017 22:08:09 UTC] PHP   1. {main}() /home/ubuntu/workspace/movieAPI/database/migrations/2017_02_27_090408_create_actors_table.php:0
[06-Apr-2017 22:48:42 UTC] PHP Fatal error:  Class 'Illuminate\Database\Migrations\Migration' not found in /home/ubuntu/workspace/movieAPI/database/migrations/2017_02_27_090408_create_actors_table.php on line 7
[06-Apr-2017 22:48:42 UTC] PHP Stack trace:
[06-Apr-2017 22:48:42 UTC] PHP   1. {main}() /home/ubuntu/workspace/movieAPI/database/migrations/2017_02_27_090408_create_actors_table.php:0
[07-Apr-2017 01:30:18 UTC] PHP Fatal error:  Class 'Illuminate\Database\Migrations\Migration' not found in /home/ubuntu/workspace/movieAPI/database/migrations/2017_02_27_090408_create_actors_table.php on line 7
[07-Apr-2017 01:30:18 UTC] PHP Stack trace:
[07-Apr-2017 01:30:18 UTC] PHP   1. {main}() /home/ubuntu/workspace/movieAPI/database/migrations/2017_02_27_090408_create_actors_table.php:0
[11-Apr-2017 05:57:53 UTC] PHP Fatal error:  Class 'Illuminate\Database\Migrations\Migration' not found in /home/ubuntu/workspace/movieAPI/database/migrations/2017_02_27_090031_create_movies_table.php on line 7
[11-Apr-2017 05:57:53 UTC] PHP Stack trace:
[11-Apr-2017 05:57:53 UTC] PHP   1. {main}() /home/ubuntu/workspace/movieAPI/database/migrations/2017_02_27_090031_create_movies_table.php:0
[11-Apr-2017 06:03:39 UTC] PHP Fatal error:  Class 'Illuminate\Database\Migrations\Migration' not found in /home/ubuntu/workspace/movieAPI/database/migrations/2017_02_27_095252_create_actors_movies_pivot_table.php on line 7
[11-Apr-2017 06:03:39 UTC] PHP Stack trace:
[11-Apr-2017 06:03:39 UTC] PHP   1. {main}() /home/ubuntu/workspace/movieAPI/database/migrations/2017_02_27_095252_create_actors_movies_pivot_table.php:0
[11-Apr-2017 06:59:42 UTC] PHP Fatal error:  Class 'Illuminate\Database\Migrations\Migration' not found in /home/ubuntu/workspace/movieAPI/database/migrations/2017_02_27_090803_create_genres_table.php on line 7
[11-Apr-2017 06:59:42 UTC] PHP Stack trace:
[11-Apr-2017 06:59:42 UTC] PHP   1. {main}() /home/ubuntu/workspace/movieAPI/database/migrations/2017_02_27_090803_create_genres_table.php:0
[11-Apr-2017 07:54:02 UTC] PHP Fatal error:  Class 'Illuminate\Database\Migrations\Migration' not found in /home/ubuntu/workspace/movieAPI/database/migrations/2014_10_12_100000_create_password_resets_table.php on line 7
[11-Apr-2017 07:54:02 UTC] PHP Stack trace:
[11-Apr-2017 07:54:02 UTC] PHP   1. {main}() /home/ubuntu/workspace/movieAPI/database/migrations/2014_10_12_100000_create_password_resets_table.php:0
[13-Apr-2017 07:11:07 UTC] PHP Fatal error:  Class 'Illuminate\Database\Migrations\Migration' not found in /home/ubuntu/workspace/movieAPI/database/migrations/2017_02_27_090803_create_genres_table.php on line 7
[13-Apr-2017 07:11:07 UTC] PHP Stack trace:
[13-Apr-2017 07:11:07 UTC] PHP   1. {main}() /home/ubuntu/workspace/movieAPI/database/migrations/2017_02_27_090803_create_genres_table.php:0
[13-Apr-2017 07:13:36 UTC] PHP Fatal error:  Class 'Illuminate\Database\Migrations\Migration' not found in /home/ubuntu/workspace/movieAPI/database/migrations/2017_02_27_090408_create_actors_table.php on line 7
[13-Apr-2017 07:13:36 UTC] PHP Stack trace:
[13-Apr-2017 07:13:36 UTC] PHP   1. {main}() /home/ubuntu/workspace/movieAPI/database/migrations/2017_02_27_090408_create_actors_table.php:0
[13-Apr-2017 08:21:16 UTC] PHP Fatal error:  Class 'Illuminate\Database\Migrations\Migration' not found in /home/ubuntu/workspace/movieAPI/database/migrations/2014_10_12_000000_create_users_table.php on line 7
[13-Apr-2017 08:21:16 UTC] PHP Stack trace:
[13-Apr-2017 08:21:16 UTC] PHP   1. {main}() /home/ubuntu/workspace/movieAPI/database/migrations/2014_10_12_000000_create_users_table.php:0
[23-Apr-2017 11:32:37 UTC] PHP Fatal error:  Class 'Illuminate\Database\Migrations\Migration' not found in /home/ubuntu/workspace/movieAPI/database/migrations/2014_10_12_100000_create_password_resets_table.php on line 7
[23-Apr-2017 11:32:37 UTC] PHP Stack trace:
[23-Apr-2017 11:32:37 UTC] PHP   1. {main}() /home/ubuntu/workspace/movieAPI/database/migrations/2014_10_12_100000_create_password_resets_table.php:0
[24-Sep-2017 13:31:31 UTC] PHP Fatal error:  Class 'Illuminate\Database\Migrations\Migration' not found in /home/ubuntu/workspace/movieAPI/database/migrations/2017_02_27_090031_create_movies_table.php on line 7
[24-Sep-2017 13:31:31 UTC] PHP Stack trace:
[24-Sep-2017 13:31:31 UTC] PHP   1. {main}() /home/ubuntu/workspace/movieAPI/database/migrations/2017_02_27_090031_create_movies_table.php:0
